<?xml version="1.0" encoding="UTF-8"?>
<testng-results ignored="0" total="1" passed="1" failed="0" skipped="0">
  <reporter-output>
  </reporter-output>
  <suite started-at="2021-01-31T18:06:00Z" name="AllTests" finished-at="2021-01-31T18:06:00Z" duration-ms="167">
    <groups>
    </groups>
    <test started-at="2021-01-31T18:06:00Z" name="All" finished-at="2021-01-31T18:06:00Z" duration-ms="167">
      <class name="testautomation.uiautomation.testing.AppTest">
        <test-method signature="test()[pri:0, instance:testautomation.uiautomation.testing.AppTest@ccf91df]" started-at="2021-01-31T18:06:00Z" name="test" finished-at="2021-01-31T18:06:00Z" duration-ms="40" status="PASS">
          <reporter-output>
          </reporter-output>
        </test-method> <!-- test -->
      </class> <!-- testautomation.uiautomation.testing.AppTest -->
    </test> <!-- All -->
  </suite> <!-- AllTests -->
</testng-results>
