<?xml version="1.0" encoding="UTF-8"?>
<testng-results ignored="2" total="4" passed="2" failed="0" skipped="0">
  <reporter-output>
  </reporter-output>
  <suite started-at="2021-02-09T22:23:28Z" name="AllTests" finished-at="2021-02-09T22:23:45Z" duration-ms="16711">
    <groups>
    </groups>
    <test started-at="2021-02-09T22:23:28Z" name="All" finished-at="2021-02-09T22:23:45Z" duration-ms="16711">
      <class name="testautomation.uiautomation.testing.AppTest">
        <test-method is-config="true" signature="suiteSetup()[pri:0, instance:testautomation.uiautomation.testing.AppTest@6f231ced]" started-at="2021-02-09T22:23:28Z" name="suiteSetup" finished-at="2021-02-09T22:23:28Z" duration-ms="504" status="PASS">
          <reporter-output>
          </reporter-output>
        </test-method> <!-- suiteSetup -->
        <test-method is-config="true" signature="setup(java.lang.reflect.Method)[pri:0, instance:testautomation.uiautomation.testing.AppTest@6f231ced]" started-at="2021-02-09T22:23:28Z" name="setup" finished-at="2021-02-09T22:23:28Z" duration-ms="2" status="PASS">
          <params>
            <param index="0">
              <value>
                <![CDATA[public void testautomation.uiautomation.testing.AppTest.login(java.lang.String,java.lang.String,java.lang.String)]]>
              </value>
            </param>
          </params>
          <reporter-output>
          </reporter-output>
        </test-method> <!-- setup -->
        <test-method is-config="true" signature="setup(java.lang.reflect.Method)[pri:0, instance:testautomation.uiautomation.testing.AppTest@6f231ced]" started-at="2021-02-09T22:23:28Z" name="setup" finished-at="2021-02-09T22:23:28Z" duration-ms="2" status="PASS">
          <params>
            <param index="0">
              <value>
                <![CDATA[public void testautomation.uiautomation.testing.AppTest.login(java.lang.String,java.lang.String,java.lang.String)]]>
              </value>
            </param>
          </params>
          <reporter-output>
          </reporter-output>
        </test-method> <!-- setup -->
        <test-method signature="login(java.lang.String, java.lang.String, java.lang.String)[pri:0, instance:testautomation.uiautomation.testing.AppTest@6f231ced]" started-at="2021-02-09T22:23:28Z" name="login" data-provider="getTableData" finished-at="2021-02-09T22:23:44Z" duration-ms="15068" status="PASS">
          <params>
            <param index="0">
              <value>
                <![CDATA[Johne]]>
              </value>
            </param>
            <param index="1">
              <value>
                <![CDATA[Doe]]>
              </value>
            </param>
            <param index="2">
              <value>
                <![CDATA[chrome]]>
              </value>
            </param>
          </params>
          <reporter-output>
          </reporter-output>
        </test-method> <!-- login -->
        <test-method signature="login(java.lang.String, java.lang.String, java.lang.String)[pri:0, instance:testautomation.uiautomation.testing.AppTest@6f231ced]" started-at="2021-02-09T22:23:28Z" name="login" data-provider="getTableData" finished-at="2021-02-09T22:23:42Z" duration-ms="13638" status="PASS">
          <params>
            <param index="0">
              <value>
                <![CDATA[Sihle]]>
              </value>
            </param>
            <param index="1">
              <value>
                <![CDATA[Mbeki]]>
              </value>
            </param>
            <param index="2">
              <value>
                <![CDATA[chrome]]>
              </value>
            </param>
          </params>
          <reporter-output>
          </reporter-output>
        </test-method> <!-- login -->
        <test-method is-config="true" signature="teardown(java.lang.reflect.Method)[pri:0, instance:testautomation.uiautomation.testing.AppTest@6f231ced]" started-at="2021-02-09T22:23:44Z" name="teardown" finished-at="2021-02-09T22:23:44Z" duration-ms="1" status="PASS">
          <params>
            <param index="0">
              <value>
                <![CDATA[public void testautomation.uiautomation.testing.AppTest.login(java.lang.String,java.lang.String,java.lang.String)]]>
              </value>
            </param>
          </params>
          <reporter-output>
          </reporter-output>
        </test-method> <!-- teardown -->
        <test-method is-config="true" signature="teardown(java.lang.reflect.Method)[pri:0, instance:testautomation.uiautomation.testing.AppTest@6f231ced]" started-at="2021-02-09T22:23:45Z" name="teardown" finished-at="2021-02-09T22:23:45Z" duration-ms="1" status="PASS">
          <params>
            <param index="0">
              <value>
                <![CDATA[public void testautomation.uiautomation.testing.AppTest.login(java.lang.String,java.lang.String,java.lang.String)]]>
              </value>
            </param>
          </params>
          <reporter-output>
          </reporter-output>
        </test-method> <!-- teardown -->
        <test-method is-config="true" signature="suiteCleanup()[pri:0, instance:testautomation.uiautomation.testing.AppTest@6f231ced]" started-at="2021-02-09T22:23:45Z" name="suiteCleanup" finished-at="2021-02-09T22:23:46Z" duration-ms="850" status="PASS">
          <reporter-output>
          </reporter-output>
        </test-method> <!-- suiteCleanup -->
      </class> <!-- testautomation.uiautomation.testing.AppTest -->
    </test> <!-- All -->
  </suite> <!-- AllTests -->
</testng-results>
