<?xml version="1.0" encoding="UTF-8"?>
<!-- Generated by org.testng.reporters.JUnitXMLReporter -->
<testsuite ignored="2" hostname="DESKTOP-R3IULL6" failures="0" tests="2" name="All" time="16.711" errors="0" timestamp="09 Feb 2021 22:23:45 GMT">
  <testcase classname="testautomation.uiautomation.testing.AppTest" name="login" time="13.638"/>
  <testcase classname="testautomation.uiautomation.testing.AppTest" name="login" time="15.068"/>
  <testcase classname="testautomation.uiautomation.testing.Base" name="@AfterSuite suiteCleanup" time="0.0">
    <ignored/>
  </testcase> <!-- @AfterSuite suiteCleanup -->
  <testcase classname="testautomation.uiautomation.testing.Base" name="@BeforeSuite suiteSetup" time="0.0">
    <ignored/>
  </testcase> <!-- @BeforeSuite suiteSetup -->
</testsuite> <!-- All -->
