<?xml version="1.0" encoding="UTF-8"?>
<testng-results ignored="0" total="1" passed="1" failed="0" skipped="0">
  <reporter-output>
  </reporter-output>
  <suite started-at="2021-02-05T10:24:49Z" name="Default suite" finished-at="2021-02-05T10:25:00Z" duration-ms="10712">
    <groups>
    </groups>
    <test started-at="2021-02-05T10:24:49Z" name="Default test" finished-at="2021-02-05T10:25:00Z" duration-ms="10712">
      <class name="testautomation.uiautomation.testing.AppTest">
        <test-method is-config="true" signature="suiteSetup()[pri:0, instance:testautomation.uiautomation.testing.AppTest@398dada8]" started-at="2021-02-05T10:24:49Z" name="suiteSetup" finished-at="2021-02-05T10:24:49Z" duration-ms="233" status="PASS">
          <reporter-output>
          </reporter-output>
        </test-method> <!-- suiteSetup -->
        <test-method is-config="true" signature="setup(java.lang.reflect.Method)[pri:0, instance:testautomation.uiautomation.testing.AppTest@398dada8]" started-at="2021-02-05T10:24:49Z" name="setup" finished-at="2021-02-05T10:24:49Z" duration-ms="4" status="PASS">
          <params>
            <param index="0">
              <value>
                <![CDATA[public void testautomation.uiautomation.testing.AppTest.test(java.lang.String,java.lang.String,java.lang.String)]]>
              </value>
            </param>
          </params>
          <reporter-output>
          </reporter-output>
        </test-method> <!-- setup -->
        <test-method signature="test(java.lang.String, java.lang.String, java.lang.String)[pri:0, instance:testautomation.uiautomation.testing.AppTest@398dada8]" started-at="2021-02-05T10:24:49Z" name="test" data-provider="getTableData" finished-at="2021-02-05T10:25:00Z" duration-ms="10663" status="PASS">
          <params>
            <param index="0">
              <value>
                <![CDATA[Johne]]>
              </value>
            </param>
            <param index="1">
              <value>
                <![CDATA[Doe]]>
              </value>
            </param>
            <param index="2">
              <value>
                <![CDATA[chrome]]>
              </value>
            </param>
          </params>
          <reporter-output>
          </reporter-output>
        </test-method> <!-- test -->
        <test-method is-config="true" signature="teardown(java.lang.reflect.Method)[pri:0, instance:testautomation.uiautomation.testing.AppTest@398dada8]" started-at="2021-02-05T10:25:00Z" name="teardown" finished-at="2021-02-05T10:25:00Z" duration-ms="1" status="PASS">
          <params>
            <param index="0">
              <value>
                <![CDATA[public void testautomation.uiautomation.testing.AppTest.test(java.lang.String,java.lang.String,java.lang.String)]]>
              </value>
            </param>
          </params>
          <reporter-output>
          </reporter-output>
        </test-method> <!-- teardown -->
        <test-method is-config="true" signature="suiteCleanup()[pri:0, instance:testautomation.uiautomation.testing.AppTest@398dada8]" started-at="2021-02-05T10:25:00Z" name="suiteCleanup" finished-at="2021-02-05T10:25:00Z" duration-ms="389" status="PASS">
          <reporter-output>
          </reporter-output>
        </test-method> <!-- suiteCleanup -->
      </class> <!-- testautomation.uiautomation.testing.AppTest -->
    </test> <!-- Default test -->
  </suite> <!-- Default suite -->
</testng-results>
