<?xml version="1.0" encoding="UTF-8"?>
<testng-results ignored="0" total="1" passed="1" failed="0" skipped="0">
  <reporter-output>
  </reporter-output>
  <suite started-at="2021-02-02T21:56:35Z" name="Default suite" finished-at="2021-02-02T21:56:44Z" duration-ms="9374">
    <groups>
    </groups>
    <test started-at="2021-02-02T21:56:35Z" name="Default test" finished-at="2021-02-02T21:56:44Z" duration-ms="9374">
      <class name="testautomation.uiautomation.testing.AppTest">
        <test-method is-config="true" signature="suiteSetup()[pri:0, instance:testautomation.uiautomation.testing.AppTest@68034211]" started-at="2021-02-02T21:56:35Z" name="suiteSetup" finished-at="2021-02-02T21:56:35Z" duration-ms="32" status="PASS">
          <reporter-output>
          </reporter-output>
        </test-method> <!-- suiteSetup -->
        <test-method is-config="true" signature="setup(java.lang.reflect.Method)[pri:0, instance:testautomation.uiautomation.testing.AppTest@68034211]" started-at="2021-02-02T21:56:35Z" name="setup" finished-at="2021-02-02T21:56:35Z" duration-ms="3" status="PASS">
          <params>
            <param index="0">
              <value>
                <![CDATA[public void testautomation.uiautomation.testing.AppTest.test()]]>
              </value>
            </param>
          </params>
          <reporter-output>
          </reporter-output>
        </test-method> <!-- setup -->
        <test-method signature="test()[pri:0, instance:testautomation.uiautomation.testing.AppTest@68034211]" started-at="2021-02-02T21:56:35Z" name="test" finished-at="2021-02-02T21:56:44Z" duration-ms="9327" status="PASS">
          <reporter-output>
          </reporter-output>
        </test-method> <!-- test -->
        <test-method is-config="true" signature="teardown(java.lang.reflect.Method)[pri:0, instance:testautomation.uiautomation.testing.AppTest@68034211]" started-at="2021-02-02T21:56:44Z" name="teardown" finished-at="2021-02-02T21:56:44Z" duration-ms="1" status="PASS">
          <params>
            <param index="0">
              <value>
                <![CDATA[public void testautomation.uiautomation.testing.AppTest.test()]]>
              </value>
            </param>
          </params>
          <reporter-output>
          </reporter-output>
        </test-method> <!-- teardown -->
        <test-method is-config="true" signature="suiteCleanup()[pri:0, instance:testautomation.uiautomation.testing.AppTest@68034211]" started-at="2021-02-02T21:56:44Z" name="suiteCleanup" finished-at="2021-02-02T21:56:44Z" duration-ms="1" status="PASS">
          <reporter-output>
          </reporter-output>
        </test-method> <!-- suiteCleanup -->
      </class> <!-- testautomation.uiautomation.testing.AppTest -->
    </test> <!-- Default test -->
  </suite> <!-- Default suite -->
</testng-results>
